#
# An unexpected error has been detected by Java Runtime Environment:
#
#  EXCEPTION_ACCESS_VIOLATION (0xc0000005) at pc=0x000000007ab485e1, pid=6388, tid=6128
#
# Java VM: Java HotSpot(TM) 64-Bit Server VM (11.2-b01 mixed mode windows-amd64)
# Problematic frame:
# C  [zip.dll+0x85e1]
#
# If you would like to submit a bug report, please visit:
#   http://java.sun.com/webapps/bugreport/crash.jsp
# The crash happened outside the Java Virtual Machine in native code.
# See problematic frame for where to report the bug.
#

---------------  T H R E A D  ---------------

Current thread (0x000000002c40d400):  JavaThread "Image Fetcher 2" daemon [_thread_in_native, id=6128, stack(0x0000000006100000,0x0000000006180000)]

siginfo: ExceptionCode=0xc0000005, reading address 0x0000000000000018

Registers:
EAX=0x0000000000000000, EBX=0x0000000000000003, ECX=0x000000002dfd7880, EDX=0x0000000000000000
ESP=0x000000000617c580, EBP=0x000000002c40d5c0, ESI=0x000000002dfd7880, EDI=0x0000000000000000
EIP=0x000000007ab485e1, EFLAGS=0x0000000000010202

Top of Stack: (sp=0x000000000617c580)
0x000000000617c580:   0000000000000000 0000000000000000
0x000000000617c590:   0000000000000000 000000006d9d7851
0x000000000617c5a0:   0000000000000000 0000000000000000
0x000000000617c5b0:   000000002dfd7880 000000002c40d5c0
0x000000000617c5c0:   0000000000000003 000000007ab41f90
0x000000000617c5d0:   0000000000000000 0000000000000418
0x000000000617c5e0:   0000000000000000 0000000000000000
0x000000000617c5f0:   0000000000000003 0000000000000000
0x000000000617c600:   0000000000000000 0000000000000000
0x000000000617c610:   0000000000000000 0000000000000000
0x000000000617c620:   0000000000000000 0000000014564328
0x000000000617c630:   0000000000000000 0000000000000000
0x000000000617c640:   0000000000000000 000000001454b2a8
0x000000000617c650:   0000000000000000 0000000000000000
0x000000000617c660:   0000000000000000 0000000000000018
0x000000000617c670:   0000000000000000 0000000000000000 

Instructions: (pc=0x000000007ab485e1)
0x000000007ab485d1:   c4 58 5f 5b c3 cc cc 48 53 55 56 57 48 83 ec 28
0x000000007ab485e1:   4c 8b 52 18 49 8b e9 49 8b f0 4d 85 d2 48 8b d9 


Stack: [0x0000000006100000,0x0000000006180000],  sp=0x000000000617c580,  free space=497k
Native frames: (J=compiled Java code, j=interpreted, Vv=VM code, C=native code)
C  [zip.dll+0x85e1]

Java frames: (J=compiled Java code, j=interpreted, Vv=VM code)
j  java.util.zip.ZipFile.read(JJJ[BII)I+0
j  java.util.zip.ZipFile.access$1200(JJJ[BII)I+10
j  java.util.zip.ZipFile$ZipFileInputStream.read([BII)I+66
J  java.util.zip.InflaterInputStream.read([BII)I
j  java.io.FilterInputStream.read([BII)I+7
j  java.io.BufferedInputStream.fill()V+175
j  java.io.BufferedInputStream.read1([BII)I+44
j  java.io.BufferedInputStream.read([BII)I+49
j  sun.awt.image.GifImageDecoder.readBytes([BII)I+11
v  ~StubRoutines::call_stub
j  sun.awt.image.GifImageDecoder.parseImage(IIIIZI[B[BLjava/awt/image/IndexColorModel;)Z+0
j  sun.awt.image.GifImageDecoder.readImage(ZII)Z+660
j  sun.awt.image.GifImageDecoder.produceImage()V+487
j  sun.awt.image.InputStreamImageSource.doFetch()V+51
j  sun.awt.image.ImageFetcher.fetchloop()V+33
j  sun.awt.image.ImageFetcher.run()V+5
v  ~StubRoutines::call_stub

---------------  P R O C E S S  ---------------

Java Threads: ( => current thread )
  0x000000002ddb0800 JavaThread "Loader for _view_0" daemon [_thread_blocked, id=6464, stack(0x0000000006200000,0x0000000006280000)]
  0x000000002ddb0000 JavaThread "Image Fetcher 3" daemon [_thread_blocked, id=5064, stack(0x0000000006180000,0x0000000006200000)]
=>0x000000002c40d400 JavaThread "Image Fetcher 2" daemon [_thread_in_native, id=6128, stack(0x0000000006100000,0x0000000006180000)]
  0x000000002c40dc00 JavaThread "Image Fetcher 1" daemon [_thread_blocked, id=460, stack(0x0000000006080000,0x0000000006100000)]
  0x000000002c40f000 JavaThread "Image Fetcher 0" daemon [_thread_blocked, id=6648, stack(0x0000000005f80000,0x0000000006000000)]
  0x000000002c40ec00 JavaThread "Thread-329" [_thread_in_native, id=4132, stack(0x0000000005df0000,0x0000000005e70000)]
  0x000000002c40f800 JavaThread "Timer queue for AWT thread" daemon [_thread_blocked, id=1032, stack(0x0000000006000000,0x0000000006080000)]
  0x000000002c40cc00 JavaThread "AWT-EventQueue-0" [_thread_blocked, id=5660, stack(0x0000000005e70000,0x0000000005ef0000)]
  0x000000002c40e400 JavaThread "Thread-276" [_thread_blocked, id=5596, stack(0x0000000005f00000,0x0000000005f80000)]
  0x000000002c40c000 JavaThread "Thread-62" [_thread_blocked, id=3084, stack(0x0000000006df0000,0x0000000006e70000)]
  0x000000002c40b800 JavaThread "Active Reference Queue Daemon" daemon [_thread_blocked, id=2140, stack(0x0000000007170000,0x00000000071f0000)]
  0x000000002c40b000 JavaThread "Timer-38" daemon [_thread_blocked, id=3304, stack(0x00000000070f0000,0x0000000007170000)]
  0x000000002c40ac00 JavaThread "FelixPackageAdmin" daemon [_thread_blocked, id=2444, stack(0x0000000007070000,0x00000000070f0000)]
  0x000000002c40a400 JavaThread "FelixStartLevel" daemon [_thread_blocked, id=6520, stack(0x0000000006ff0000,0x0000000007070000)]
  0x000000002c409c00 JavaThread "FelixDispatchQueue" [_thread_blocked, id=4888, stack(0x0000000006f70000,0x0000000006ff0000)]
  0x000000002c409400 JavaThread "Prefs Updater" daemon [_thread_blocked, id=6156, stack(0x0000000006ef0000,0x0000000006f70000)]
  0x0000000027c36800 JavaThread "Timer-11" daemon [_thread_blocked, id=5248, stack(0x000000002f300000,0x000000002f380000)]
  0x00000000015cf000 JavaThread "Timer-1" [_thread_blocked, id=5848, stack(0x000000002caf0000,0x000000002cb70000)]
  0x000000000d807000 JavaThread "TimerQueue" daemon [_thread_blocked, id=5532, stack(0x000000002c920000,0x000000002c9a0000)]
  0x000000000d7d5800 JavaThread "AWT-Shutdown" [_thread_blocked, id=6740, stack(0x000000002c640000,0x000000002c6c0000)]
  0x000000000d807400 JavaThread "AWT-Windows" daemon [_thread_in_native, id=3872, stack(0x000000000dd10000,0x000000000dd90000)]
  0x000000002c181800 JavaThread "Java2D Disposer" daemon [_thread_blocked, id=6400, stack(0x000000000dc10000,0x000000000dc90000)]
  0x000000000d77c400 JavaThread "Timer-0" [_thread_blocked, id=4920, stack(0x000000000d640000,0x000000000d6c0000)]
  0x000000000d883400 JavaThread "JMI Unnamed Thread" [_thread_in_native, id=6036, stack(0x0000000007df0000,0x0000000008df0000)]
  0x0000000027bbec00 JavaThread "Low Memory Detector" daemon [_thread_blocked, id=5184, stack(0x000000000d5c0000,0x000000000d640000)]
  0x0000000027bbb400 JavaThread "CompilerThread1" daemon [_thread_blocked, id=4080, stack(0x0000000029d40000,0x000000002ad40000)]
  0x000000000160f400 JavaThread "CompilerThread0" daemon [_thread_in_native, id=4908, stack(0x0000000028d40000,0x0000000029d40000)]
  0x000000000160e800 JavaThread "Attach Listener" daemon [_thread_blocked, id=6772, stack(0x000000000d540000,0x000000000d5c0000)]
  0x0000000027ba2c00 JavaThread "Finalizer" daemon [_thread_blocked, id=5976, stack(0x0000000009100000,0x0000000009180000)]
  0x0000000027ba1c00 JavaThread "Reference Handler" daemon [_thread_blocked, id=3252, stack(0x0000000009080000,0x0000000009100000)]
  0x0000000001539c00 JavaThread "main" [_thread_in_native, id=5448, stack(0x0000000000030000,0x0000000001030000)]

Other Threads:
  0x0000000027ba0c00 VMThread [stack: 0x0000000027d40000,0x0000000028d40000] [id=5292]
  0x0000000027bd4400 WatcherThread [stack: 0x000000002ad40000,0x000000002bd40000] [id=5220]

VM state:not at safepoint (normal execution)

VM Mutex/Monitor currently owned by a thread: None

Heap
 PSYoungGen      total 23232K, used 5767K [0x0000000022a40000, 0x0000000024f20000, 0x0000000025b40000)
  eden space 18624K, 6% used [0x0000000022a40000,0x0000000022b71f10,0x0000000023c70000)
  from space 4608K, 98% used [0x0000000024aa0000,0x0000000024f100a8,0x0000000024f20000)
  to   space 9088K, 0% used [0x0000000023d60000,0x0000000023d60000,0x0000000024640000)
 PSOldGen        total 76992K, used 61873K [0x0000000019740000, 0x000000001e270000, 0x0000000022a40000)
  object space 76992K, 80% used [0x0000000019740000,0x000000001d3ac648,0x000000001e270000)
 PSPermGen       total 118720K, used 57727K [0x0000000011740000, 0x0000000018b30000, 0x0000000019740000)
  object space 118720K, 48% used [0x0000000011740000,0x0000000014f9fe28,0x0000000018b30000)

Dynamic libraries:
0x0000000140000000 - 0x0000000140038000 	C:\Program Files\MATLAB\R2009b\bin\win64\MATLAB.exe
0x0000000077990000 - 0x0000000077b39000 	C:\Windows\SYSTEM32\ntdll.dll
0x0000000077870000 - 0x000000007798f000 	C:\Windows\system32\kernel32.dll
0x000007fefce50000 - 0x000007fefcebc000 	C:\Windows\system32\KERNELBASE.dll
0x000000007cdb0000 - 0x000000007ceb9000 	C:\Program Files\MATLAB\R2009b\bin\win64\libut.dll
0x000007feff140000 - 0x000007feff159000 	C:\Windows\system32\imagehlp.dll
0x000007fefed50000 - 0x000007fefedef000 	C:\Windows\system32\msvcrt.dll
0x000007fefd740000 - 0x000007fefd81b000 	C:\Windows\system32\ADVAPI32.dll
0x000007fefd720000 - 0x000007fefd73f000 	C:\Windows\SYSTEM32\sechost.dll
0x000007fefee90000 - 0x000007fefefbd000 	C:\Windows\system32\RPCRT4.dll
0x0000000077b60000 - 0x0000000077b67000 	C:\Windows\system32\PSAPI.DLL
0x000000007d620000 - 0x000000007d648000 	C:\Program Files\MATLAB\R2009b\bin\win64\LIBEXPAT.dll
0x00000000618a0000 - 0x0000000061969000 	C:\Windows\WinSxS\amd64_microsoft.vc80.crt_1fc8b3b9a1e18e3b_8.0.50727.6195_none_88e41e092fab0294\MSVCR80.dll
0x000000007d320000 - 0x000000007d44c000 	C:\Program Files\MATLAB\R2009b\bin\win64\icuuc40.dll
0x000000007c760000 - 0x000000007c763000 	C:\Program Files\MATLAB\R2009b\bin\win64\icudt40.dll
0x000000007c770000 - 0x000000007c780000 	C:\Program Files\MATLAB\R2009b\bin\win64\icuio40.dll
0x000000007ca60000 - 0x000000007cbb3000 	C:\Program Files\MATLAB\R2009b\bin\win64\icuin40.dll
0x0000000061790000 - 0x0000000061899000 	C:\Windows\WinSxS\amd64_microsoft.vc80.crt_1fc8b3b9a1e18e3b_8.0.50727.6195_none_88e41e092fab0294\MSVCP80.dll
0x0000000077770000 - 0x000000007786a000 	C:\Windows\system32\USER32.dll
0x000007fefefc0000 - 0x000007feff027000 	C:\Windows\system32\GDI32.dll
0x000007fefec20000 - 0x000007fefec2e000 	C:\Windows\system32\LPK.dll
0x000007fefdc80000 - 0x000007fefdd49000 	C:\Windows\system32\USP10.dll
0x0000000078820000 - 0x0000000078890000 	C:\Program Files\MATLAB\R2009b\bin\win64\libmwfl.dll
0x000000007e820000 - 0x000000007e82f000 	C:\Program Files\MATLAB\R2009b\bin\win64\boost_date_time-vc80-mt-1_36.dll
0x000000007e800000 - 0x000000007e816000 	C:\Program Files\MATLAB\R2009b\bin\win64\boost_signals-vc80-mt-1_36.dll
0x000000007dae0000 - 0x000000007dae9000 	C:\Program Files\MATLAB\R2009b\bin\win64\boost_system-vc80-mt-1_36.dll
0x000000007c740000 - 0x000000007c751000 	C:\Program Files\MATLAB\R2009b\bin\win64\boost_thread-vc80-mt-1_36.dll
0x000000007cf70000 - 0x000000007d1e1000 	C:\Program Files\MATLAB\R2009b\bin\win64\libmwservices.dll
0x000000007cec0000 - 0x000000007cf6f000 	C:\Program Files\MATLAB\R2009b\bin\win64\libmx.dll
0x0000000079070000 - 0x0000000079087000 	C:\Program Files\MATLAB\R2009b\bin\win64\zlib1.dll
0x000000007d1f0000 - 0x000000007d318000 	C:\Program Files\MATLAB\R2009b\bin\win64\libmwmathutil.dll
0x000000007a660000 - 0x000000007a6b8000 	C:\Program Files\MATLAB\R2009b\bin\win64\mpath.dll
0x000000007d650000 - 0x000000007d6a1000 	C:\Program Files\MATLAB\R2009b\bin\win64\mlutil.dll
0x00000000787b0000 - 0x00000000787ee000 	C:\Program Files\MATLAB\R2009b\bin\win64\tbb.dll
0x000007fef9e90000 - 0x000007fef9f30000 	C:\Windows\WinSxS\amd64_microsoft.windows.common-controls_6595b64144ccf1df_5.82.7601.17514_none_a4d6a923711520a9\COMCTL32.dll
0x000007fefedf0000 - 0x000007fefee87000 	C:\Windows\system32\comdlg32.dll
0x000007fefecd0000 - 0x000007fefed41000 	C:\Windows\system32\SHLWAPI.dll
0x000007fefdd50000 - 0x000007fefead8000 	C:\Windows\system32\SHELL32.dll
0x000007fefa6e0000 - 0x000007fefa6f6000 	C:\Windows\system32\NETAPI32.dll
0x000007fefa6d0000 - 0x000007fefa6dc000 	C:\Windows\system32\netutils.dll
0x000007fefc880000 - 0x000007fefc8a3000 	C:\Windows\system32\srvcli.dll
0x000007fefa6b0000 - 0x000007fefa6c5000 	C:\Windows\system32\wkscli.dll
0x000007fefd9a0000 - 0x000007fefd9ed000 	C:\Windows\system32\WS2_32.dll
0x000007fefeae0000 - 0x000007fefeae8000 	C:\Windows\system32\NSI.dll
0x000000007eaa0000 - 0x000000007eabd000 	C:\Program Files\MATLAB\R2009b\bin\win64\boost_filesystem-vc80-mt-1_36.dll
0x000000007acf0000 - 0x000000007ad87000 	C:\Program Files\MATLAB\R2009b\bin\win64\mcr.dll
0x000000007c780000 - 0x000000007c80c000 	C:\Program Files\MATLAB\R2009b\bin\win64\iqm.dll
0x000000007b440000 - 0x000000007bd40000 	C:\Program Files\MATLAB\R2009b\bin\win64\m_interpreter.dll
0x000000007c830000 - 0x000000007c840000 	C:\Program Files\MATLAB\R2009b\bin\win64\libmex.dll
0x000000007ab60000 - 0x000000007ac0b000 	C:\Program Files\MATLAB\R2009b\bin\win64\m_dispatcher.dll
0x000000007e720000 - 0x000000007e7ac000 	C:\Program Files\MATLAB\R2009b\bin\win64\xmlcore.dll
0x000000007a020000 - 0x000000007a2b5000 	C:\Program Files\MATLAB\R2009b\bin\win64\xerces-c_2_7.dll
0x000000007e980000 - 0x000000007ea71000 	C:\Program Files\MATLAB\R2009b\bin\win64\boost_regex-vc80-mt-1_36.dll
0x000000007aa00000 - 0x000000007aa91000 	C:\Program Files\MATLAB\R2009b\bin\win64\profiler.dll
0x000000007c8b0000 - 0x000000007c8da000 	C:\Program Files\MATLAB\R2009b\bin\win64\libmwmathrng.dll
0x0000000078fd0000 - 0x0000000078fea000 	C:\Program Files\MATLAB\R2009b\bin\win64\m_pcodeio.dll
0x000000007a610000 - 0x000000007a65d000 	C:\Program Files\MATLAB\R2009b\bin\win64\m_ir.dll
0x000000007ae40000 - 0x000000007b433000 	C:\Program Files\MATLAB\R2009b\bin\win64\m_parser.dll
0x000000007c810000 - 0x000000007c824000 	C:\Program Files\MATLAB\R2009b\bin\win64\ir_xfmr.dll
0x0000000078890000 - 0x0000000078b39000 	C:\Program Files\MATLAB\R2009b\bin\win64\mcos.dll
0x000000007c8f0000 - 0x000000007c8fc000 	C:\Program Files\MATLAB\R2009b\bin\win64\mtok.dll
0x0000000078fb0000 - 0x0000000078fd0000 	C:\Program Files\MATLAB\R2009b\bin\win64\m_pcodegen.dll
0x000007fef49b0000 - 0x000007fef4ad5000 	C:\Windows\system32\dbghelp.dll
0x0000000078ec0000 - 0x0000000078ee4000 	C:\Program Files\MATLAB\R2009b\bin\win64\bridge.dll
0x000000007c3d0000 - 0x000000007c490000 	C:\Program Files\MATLAB\R2009b\bin\win64\udd.dll
0x000000007d450000 - 0x000000007d59d000 	C:\Program Files\MATLAB\R2009b\bin\win64\libmwgui.dll
0x00000000790e0000 - 0x000000007980b000 	C:\Program Files\MATLAB\R2009b\bin\win64\hg.dll
0x0000000078ef0000 - 0x0000000078f2c000 	C:\Program Files\MATLAB\R2009b\bin\win64\libmat.dll
0x000000007cbc0000 - 0x000000007cdae000 	C:\Program Files\MATLAB\R2009b\bin\win64\libhdf5.dll
0x000000007a550000 - 0x000000007a5af000 	C:\Program Files\MATLAB\R2009b\bin\win64\jmi.dll
0x000000007a490000 - 0x000000007a4d0000 	C:\Program Files\MATLAB\R2009b\bin\win64\libmwhardcopy.dll
0x000000007a5b0000 - 0x000000007a60a000 	C:\Program Files\MATLAB\R2009b\bin\win64\libuij.dll
0x0000000078680000 - 0x00000000787ab000 	C:\Program Files\MATLAB\R2009b\bin\win64\hgdatatypes.dll
0x0000000078630000 - 0x000000007867b000 	C:\Program Files\MATLAB\R2009b\bin\win64\hgutils.dll
0x0000000078f30000 - 0x0000000078fa5000 	C:\Program Files\MATLAB\R2009b\bin\win64\libmwlapack.dll
0x000000007c850000 - 0x000000007c863000 	C:\Program Files\MATLAB\R2009b\bin\win64\libmwbinder.dll
0x000000007c490000 - 0x000000007c73e000 	C:\Program Files\MATLAB\R2009b\bin\win64\uiw.dll
0x000000007c930000 - 0x000000007c93a000 	C:\Program Files\MATLAB\R2009b\bin\win64\uinone.dll
0x00000000613c0000 - 0x000000006155c000 	C:\Windows\WinSxS\amd64_microsoft.vc80.mfc_1fc8b3b9a1e18e3b_8.0.50727.6195_none_8448b2bd328df189\MFC80.DLL
0x000007fef9b30000 - 0x000007fef9ba1000 	C:\Windows\system32\WINSPOOL.DRV
0x000007fefd1d0000 - 0x000007fefd3d3000 	C:\Windows\system32\ole32.dll
0x000007fefd3e0000 - 0x000007fefd4b7000 	C:\Windows\system32\OLEAUT32.dll
0x000000007ad90000 - 0x000000007ae3f000 	C:\Program Files\MATLAB\R2009b\bin\win64\udd_mi.dll
0x0000000078ff0000 - 0x0000000079008000 	C:\Program Files\MATLAB\R2009b\bin\win64\mwoles05.DLL
0x000000007a990000 - 0x000000007a9fa000 	C:\Program Files\MATLAB\R2009b\bin\win64\comcli.dll
0x00000000616e0000 - 0x0000000061700000 	C:\Windows\WinSxS\amd64_microsoft.vc80.atl_1fc8b3b9a1e18e3b_8.0.50727.6195_none_8a1dd9552ed7f8d8\ATL80.DLL
0x000000007c8e0000 - 0x000000007c8ee000 	C:\Program Files\MATLAB\R2009b\bin\win64\mlautoregister.dll
0x000007fefdc50000 - 0x000007fefdc7e000 	C:\Windows\system32\IMM32.DLL
0x000007feff030000 - 0x000007feff139000 	C:\Windows\system32\MSCTF.dll
0x0000000061ab0000 - 0x0000000061abd000 	C:\Windows\WinSxS\amd64_microsoft.vc80.mfcloc_1fc8b3b9a1e18e3b_8.0.50727.6195_none_bc20f59b0bdd1acd\MFC80ENU.DLL
0x000007fefcda0000 - 0x000007fefcdaf000 	C:\Windows\system32\profapi.dll
0x000007fefcc70000 - 0x000007fefcc7f000 	C:\Windows\system32\CRYPTBASE.dll
0x000007fefb370000 - 0x000007fefb3c6000 	C:\Windows\system32\uxtheme.dll
0x000007fefb4d0000 - 0x000007fefb6c4000 	C:\Windows\WinSxS\amd64_microsoft.windows.common-controls_6595b64144ccf1df_6.0.7601.17514_none_fa396087175ac9ac\comctl32.dll
0x000007fefd540000 - 0x000007fefd717000 	C:\Windows\system32\SETUPAPI.dll
0x000007fefcfa0000 - 0x000007fefcfd6000 	C:\Windows\system32\CFGMGR32.dll
0x000007fefcfe0000 - 0x000007fefcffa000 	C:\Windows\system32\DEVOBJ.dll
0x000007fefec30000 - 0x000007fefecc9000 	C:\Windows\system32\CLBCatQ.DLL
0x000007fefb9f0000 - 0x000007fefbb1c000 	C:\Windows\system32\propsys.dll
0x000007fefb9c0000 - 0x000007fefb9ed000 	C:\Windows\system32\ntmarta.dll
0x000007fefd170000 - 0x000007fefd1c2000 	C:\Windows\system32\WLDAP32.dll
0x000007fef92e0000 - 0x000007fef9307000 	C:\Windows\system32\iphlpapi.dll
0x000007fef92d0000 - 0x000007fef92db000 	C:\Windows\system32\WINNSI.DLL
0x000007fefc490000 - 0x000007fefc4eb000 	C:\Windows\system32\DNSAPI.dll
0x000007fef90e0000 - 0x000007fef90f8000 	C:\Windows\system32\dhcpcsvc.DLL
0x000007fef90c0000 - 0x000007fef90d1000 	C:\Windows\system32\dhcpcsvc6.DLL
0x0000000061b10000 - 0x0000000061b13000 	C:\Windows\system32\icmp.Dll
0x000007fefc000000 - 0x000007fefc018000 	C:\Windows\system32\dwmapi.dll
0x000000006d7f0000 - 0x000000006dda8000 	C:\Program Files\MATLAB\R2009b\sys\java\jre\win64\jre\bin\server\jvm.dll
0x000007fefa9f0000 - 0x000007fefaa2b000 	C:\Windows\system32\WINMM.dll
0x000000007ab10000 - 0x000000007ab1a000 	C:\Program Files\MATLAB\R2009b\sys\java\jre\win64\jre\bin\hpi.dll
0x000000007ab30000 - 0x000000007ab3e000 	C:\Program Files\MATLAB\R2009b\sys\java\jre\win64\jre\bin\verify.dll
0x0000000079090000 - 0x00000000790b7000 	C:\Program Files\MATLAB\R2009b\sys\java\jre\win64\jre\bin\java.dll
0x000000007ab40000 - 0x000000007ab52000 	C:\Program Files\MATLAB\R2009b\sys\java\jre\win64\jre\bin\zip.dll
0x0000000079010000 - 0x0000000079032000 	C:\Program Files\MATLAB\R2009b\bin\win64\nativejava.dll
0x0000000079040000 - 0x000000007906b000 	C:\Program Files\MATLAB\R2009b\bin\win64\nativejmi.dll
0x000000007c920000 - 0x000000007c927000 	C:\Program Files\MATLAB\R2009b\bin\win64\nativeservices.dll
0x000000007a2c0000 - 0x000000007a482000 	C:\Program Files\MATLAB\R2009b\sys\java\jre\win64\jre\bin\awt.dll
0x000000007ac10000 - 0x000000007ac7b000 	C:\Program Files\MATLAB\R2009b\sys\java\jre\win64\jre\bin\fontmanager.dll
0x00000000790c0000 - 0x00000000790d7000 	C:\Program Files\MATLAB\R2009b\sys\java\jre\win64\jre\bin\net.dll
0x000007fefc610000 - 0x000007fefc665000 	C:\Windows\system32\mswsock.dll
0x000007fefc600000 - 0x000007fefc607000 	C:\Windows\System32\wship6.dll
0x000000007ab20000 - 0x000000007ab2b000 	C:\Program Files\MATLAB\R2009b\sys\java\jre\win64\jre\bin\nio.dll
0x000007fefc670000 - 0x000007fefc687000 	C:\Windows\system32\CRYPTSP.dll
0x000007fefc370000 - 0x000007fefc3b7000 	C:\Windows\system32\rsaenh.dll
0x000007fefc0a0000 - 0x000007fefc0be000 	C:\Windows\system32\USERENV.dll
0x000007fefb280000 - 0x000007fefb295000 	C:\Windows\system32\NLAapi.dll
0x000007fef1b50000 - 0x000007fef1b65000 	C:\Windows\system32\napinsp.dll

VM Arguments:
jvm_args: -Xss512k -XX:PermSize=32m -Xms64m -XX:NewRatio=3 -XX:MaxPermSize=128m -Xmx196m -XX:MaxDirectMemorySize=2147400000 -Dsun.java2d.noddraw=true -Dsun.awt.nopixfmt=true -Xshare:off -Xrs -Djava.library.path=C:\Program Files\MATLAB\R2009b\bin\win64 vfprintf abort 
java_command: <unknown>
Launcher Type: generic

Environment Variables:
CLASSPATH=.;C:\Program Files (x86)\QuickTime\QTSystem\QTJava.zip
PATH=C:\Program Files\Common Files\Microsoft Shared\Windows Live;C:\Program Files (x86)\Common Files\Microsoft Shared\Windows Live;C:\Program Files (x86)\NVIDIA Corporation\PhysX\Common;C:\WinAVR-20100110\bin;C:\WinAVR-20100110\utils\bin;C:\Windows\system32;C:\Windows;C:\Windows\System32\Wbem;C:\Windows\System32\WindowsPowerShell\v1.0\;C:\Program Files (x86)\QuickTime\QTSystem\;C:\Program Files\MATLAB\R2009b\runtime\win64;C:\Program Files\MATLAB\R2009b\bin;C:\Program Files (x86)\Windows Live\Shared;C:\Program Files (x86)\Atmel\Flip 3.4.3\bin
USERNAME=Andy
OS=Windows_NT
PROCESSOR_IDENTIFIER=Intel64 Family 6 Model 23 Stepping 6, GenuineIntel



---------------  S Y S T E M  ---------------

OS: Windows NT 6.1 Build 7601 Service Pack 1

CPU:total 2 (2 cores per cpu, 1 threads per core) family 6 model 7 stepping 6, cmov, cx8, fxsr, mmx, sse, sse2, sse3, ssse3

Memory: 4k page, physical 4192220k(2197056k free), swap 8382588k(4914852k free)

vm_info: Java HotSpot(TM) 64-Bit Server VM (11.2-b01) for windows-amd64 JRE (1.6.0_12-b04), built on Jan 17 2009 01:49:05 by "java_re" with MS VC++ 8.0

time: Tue Apr 17 00:26:25 2012
elapsed time: 290 seconds

